c:\users\pedro\desktop\gamedevelopment_challenge_pedrosanches\pedrosanches_fabamaq\game\debug\vc141.pdb
c:\users\pedro\desktop\gamedevelopment_challenge_pedrosanches\pedrosanches_fabamaq\game\debug\vc141.idb
c:\users\pedro\desktop\gamedevelopment_challenge_pedrosanches\pedrosanches_fabamaq\game\debug\statemachine.obj
c:\users\pedro\desktop\gamedevelopment_challenge_pedrosanches\pedrosanches_fabamaq\game\debug\splashstate.obj
c:\users\pedro\desktop\gamedevelopment_challenge_pedrosanches\pedrosanches_fabamaq\game\debug\pausestate.obj
c:\users\pedro\desktop\gamedevelopment_challenge_pedrosanches\pedrosanches_fabamaq\game\debug\mainmenustate.obj
c:\users\pedro\desktop\gamedevelopment_challenge_pedrosanches\pedrosanches_fabamaq\game\debug\main.obj
c:\users\pedro\desktop\gamedevelopment_challenge_pedrosanches\pedrosanches_fabamaq\game\debug\inputmanager.obj
c:\users\pedro\desktop\gamedevelopment_challenge_pedrosanches\pedrosanches_fabamaq\game\debug\gamestate.obj
c:\users\pedro\desktop\gamedevelopment_challenge_pedrosanches\pedrosanches_fabamaq\game\debug\gameoverstate.obj
c:\users\pedro\desktop\gamedevelopment_challenge_pedrosanches\pedrosanches_fabamaq\game\debug\game.obj
c:\users\pedro\desktop\gamedevelopment_challenge_pedrosanches\pedrosanches_fabamaq\game\debug\assetmanager.obj
c:\users\pedro\desktop\gamedevelopment_challenge_pedrosanches\pedrosanches_fabamaq\debug\game.ilk
c:\users\pedro\desktop\gamedevelopment_challenge_pedrosanches\pedrosanches_fabamaq\debug\game.exe
c:\users\pedro\desktop\gamedevelopment_challenge_pedrosanches\pedrosanches_fabamaq\debug\game.pdb
c:\users\pedro\desktop\gamedevelopment_challenge_pedrosanches\pedrosanches_fabamaq\game\debug\game.tlog\cl.command.1.tlog
c:\users\pedro\desktop\gamedevelopment_challenge_pedrosanches\pedrosanches_fabamaq\game\debug\game.tlog\cl.read.1.tlog
c:\users\pedro\desktop\gamedevelopment_challenge_pedrosanches\pedrosanches_fabamaq\game\debug\game.tlog\cl.write.1.tlog
c:\users\pedro\desktop\gamedevelopment_challenge_pedrosanches\pedrosanches_fabamaq\game\debug\game.tlog\link.command.1.tlog
c:\users\pedro\desktop\gamedevelopment_challenge_pedrosanches\pedrosanches_fabamaq\game\debug\game.tlog\link.read.1.tlog
c:\users\pedro\desktop\gamedevelopment_challenge_pedrosanches\pedrosanches_fabamaq\game\debug\game.tlog\link.write.1.tlog
